INFO:root:
Selector: Root
| Sequence: Panic
| | Check: panicCheck
| | Action: aggressiveSpread
| Sequence: Contested
| | Check: neutralCheck
| | Action: uniformSafeSpread
| Sequence: Defense
| | Check: underdefendedCheck
| | Action: reinforce
| Sequence: Default
| | Action: uniformSafeSpread

DEBUG:root:Executing:Selector: Root
DEBUG:root:Executing:Sequence: Panic
DEBUG:root:Executing:Check: panicCheck
DEBUG:root:
 panic Check
DEBUG:root:Result: Check: panicCheck -> Success
DEBUG:root:Executing:Action: aggressiveSpread
DEBUG:root:Order:1 17 9.0
DEBUG:root:Order:1 18 9.0
DEBUG:root:Order:1 11 17.0
DEBUG:root:Order:1 12 17.0
DEBUG:root:Order:1 5 27.0
DEBUG:root:Bad order:1 21.0 27.0
DEBUG:root:Bad order:1 21.0 42.0
DEBUG:root:Bad order:1 21.0 60.0
DEBUG:root:Bad order:1 21.0 60.0
DEBUG:root:Bad order:1 21.0 63.0
DEBUG:root:Bad order:1 21.0 63.0
DEBUG:root:Bad order:1 21.0 64.0
DEBUG:root:Bad order:1 21.0 64.0
DEBUG:root:Bad order:1 21.0 64.0
DEBUG:root:Bad order:1 21.0 64.0
DEBUG:root:Bad order:1 21.0 86.0
DEBUG:root:Bad order:1 21.0 86.0
DEBUG:root:Bad order:1 21.0 88.0
DEBUG:root:Bad order:1 21.0 88.0
DEBUG:root:Bad order:1 21.0 89.0
DEBUG:root:Bad order:1 21.0 89.0
DEBUG:root:Bad order:1 21.0 215.0
DEBUG:root:Result: Action: aggressiveSpread -> Success
DEBUG:root:Result: Sequence: Panic -> Success
DEBUG:root:Result: Selector: Root -> Success
DEBUG:root:Finish turn

DEBUG:root:Executing:Selector: Root
DEBUG:root:Executing:Sequence: Panic
DEBUG:root:Executing:Check: panicCheck
DEBUG:root:
 panic Check
DEBUG:root:Result: Check: panicCheck -> Success
DEBUG:root:Executing:Action: aggressiveSpread
DEBUG:root:Order:1 17 9.0
DEBUG:root:Order:1 18 9.0
DEBUG:root:Bad order:1 8.0 17.0
DEBUG:root:Bad order:1 8.0 17.0
DEBUG:root:Bad order:1 8.0 135.0
DEBUG:root:Result: Action: aggressiveSpread -> Success
DEBUG:root:Result: Sequence: Panic -> Success
DEBUG:root:Result: Selector: Root -> Success
DEBUG:root:Finish turn

DEBUG:root:Executing:Selector: Root
DEBUG:root:Executing:Sequence: Panic
DEBUG:root:Executing:Check: panicCheck
DEBUG:root:
 panic Check
DEBUG:root:Result: Check: panicCheck -> Success
DEBUG:root:Executing:Action: aggressiveSpread
DEBUG:root:Order:1 17 9.0
DEBUG:root:Bad order:1 4.0 9.0
DEBUG:root:Bad order:1 4.0 127.0
DEBUG:root:Result: Action: aggressiveSpread -> Success
DEBUG:root:Result: Sequence: Panic -> Success
DEBUG:root:Result: Selector: Root -> Success
DEBUG:root:Finish turn

DEBUG:root:Executing:Selector: Root
DEBUG:root:Executing:Sequence: Panic
DEBUG:root:Executing:Check: panicCheck
DEBUG:root:
 panic Check
DEBUG:root:Result: Check: panicCheck -> Success
DEBUG:root:Executing:Action: aggressiveSpread
DEBUG:root:Result: Action: aggressiveSpread -> Success
DEBUG:root:Result: Sequence: Panic -> Success
DEBUG:root:Result: Selector: Root -> Success
DEBUG:root:Finish turn

DEBUG:root:Executing:Selector: Root
DEBUG:root:Executing:Sequence: Panic
DEBUG:root:Executing:Check: panicCheck
DEBUG:root:
 panic Check
DEBUG:root:Result: Check: panicCheck -> Success
DEBUG:root:Executing:Action: aggressiveSpread
DEBUG:root:Order:1 17 9.0
DEBUG:root:Bad order:1 5.0 9.0
DEBUG:root:Bad order:1 5.0 127.0
DEBUG:root:Result: Action: aggressiveSpread -> Success
DEBUG:root:Result: Sequence: Panic -> Success
DEBUG:root:Result: Selector: Root -> Success
DEBUG:root:Finish turn

DEBUG:root:Executing:Selector: Root
DEBUG:root:Executing:Sequence: Panic
DEBUG:root:Executing:Check: panicCheck
DEBUG:root:
 panic Check
DEBUG:root:Result: Check: panicCheck -> Success
DEBUG:root:Executing:Action: aggressiveSpread
DEBUG:root:Order:1 17 9.0
DEBUG:root:Bad order:1 1.0 9.0
DEBUG:root:Bad order:1 1.0 17.0
DEBUG:root:Result: Action: aggressiveSpread -> Success
DEBUG:root:Result: Sequence: Panic -> Success
DEBUG:root:Result: Selector: Root -> Success
DEBUG:root:Finish turn

DEBUG:root:Executing:Selector: Root
DEBUG:root:Executing:Sequence: Panic
DEBUG:root:Executing:Check: panicCheck
DEBUG:root:
 panic Check
DEBUG:root:Result: Check: panicCheck -> Success
DEBUG:root:Executing:Action: aggressiveSpread
DEBUG:root:Result: Action: aggressiveSpread -> Success
DEBUG:root:Result: Sequence: Panic -> Success
DEBUG:root:Result: Selector: Root -> Success
DEBUG:root:Finish turn

DEBUG:root:Executing:Selector: Root
DEBUG:root:Executing:Sequence: Panic
DEBUG:root:Executing:Check: panicCheck
DEBUG:root:
 panic Check
DEBUG:root:Result: Check: panicCheck -> Success
DEBUG:root:Executing:Action: aggressiveSpread
DEBUG:root:Result: Action: aggressiveSpread -> Success
DEBUG:root:Result: Sequence: Panic -> Success
DEBUG:root:Result: Selector: Root -> Success
DEBUG:root:Finish turn

DEBUG:root:Executing:Selector: Root
DEBUG:root:Executing:Sequence: Panic
DEBUG:root:Executing:Check: panicCheck
DEBUG:root:
 panic Check
DEBUG:root:Result: Check: panicCheck -> Success
DEBUG:root:Executing:Action: aggressiveSpread
DEBUG:root:Result: Action: aggressiveSpread -> Success
DEBUG:root:Result: Sequence: Panic -> Success
DEBUG:root:Result: Selector: Root -> Success
DEBUG:root:Finish turn

DEBUG:root:Executing:Selector: Root
DEBUG:root:Executing:Sequence: Panic
DEBUG:root:Executing:Check: panicCheck
DEBUG:root:
 panic Check
DEBUG:root:Result: Check: panicCheck -> Success
DEBUG:root:Executing:Action: aggressiveSpread
DEBUG:root:Result: Action: aggressiveSpread -> Success
DEBUG:root:Result: Sequence: Panic -> Success
DEBUG:root:Result: Selector: Root -> Success
DEBUG:root:Finish turn

DEBUG:root:Executing:Selector: Root
DEBUG:root:Executing:Sequence: Panic
DEBUG:root:Executing:Check: panicCheck
DEBUG:root:
 panic Check
DEBUG:root:Result: Check: panicCheck -> Success
DEBUG:root:Executing:Action: aggressiveSpread
DEBUG:root:Result: Action: aggressiveSpread -> Success
DEBUG:root:Result: Sequence: Panic -> Success
DEBUG:root:Result: Selector: Root -> Success
DEBUG:root:Finish turn

DEBUG:root:Executing:Selector: Root
DEBUG:root:Executing:Sequence: Panic
DEBUG:root:Executing:Check: panicCheck
DEBUG:root:
 panic Check
DEBUG:root:Result: Check: panicCheck -> Success
DEBUG:root:Executing:Action: aggressiveSpread
DEBUG:root:Result: Action: aggressiveSpread -> Success
DEBUG:root:Result: Sequence: Panic -> Success
DEBUG:root:Result: Selector: Root -> Success
DEBUG:root:Finish turn

DEBUG:root:Executing:Selector: Root
DEBUG:root:Executing:Sequence: Panic
DEBUG:root:Executing:Check: panicCheck
DEBUG:root:
 panic Check
DEBUG:root:Result: Check: panicCheck -> Success
DEBUG:root:Executing:Action: aggressiveSpread
DEBUG:root:Result: Action: aggressiveSpread -> Success
DEBUG:root:Result: Sequence: Panic -> Success
DEBUG:root:Result: Selector: Root -> Success
DEBUG:root:Finish turn

DEBUG:root:Executing:Selector: Root
DEBUG:root:Executing:Sequence: Panic
DEBUG:root:Executing:Check: panicCheck
DEBUG:root:
 panic Check
DEBUG:root:Result: Check: panicCheck -> Success
DEBUG:root:Executing:Action: aggressiveSpread
DEBUG:root:Order:1 9 37.0
DEBUG:root:Bad order:1 4.0 48.0
DEBUG:root:Result: Action: aggressiveSpread -> Success
DEBUG:root:Result: Sequence: Panic -> Success
DEBUG:root:Result: Selector: Root -> Success
DEBUG:root:Finish turn

DEBUG:root:Executing:Selector: Root
DEBUG:root:Executing:Sequence: Panic
DEBUG:root:Executing:Check: panicCheck
DEBUG:root:
 panic Check
DEBUG:root:Result: Check: panicCheck -> Success
DEBUG:root:Executing:Action: aggressiveSpread
DEBUG:root:Result: Action: aggressiveSpread -> Success
DEBUG:root:Result: Sequence: Panic -> Success
DEBUG:root:Result: Selector: Root -> Success
DEBUG:root:Finish turn

DEBUG:root:Executing:Selector: Root
DEBUG:root:Executing:Sequence: Panic
DEBUG:root:Executing:Check: panicCheck
DEBUG:root:
 panic Check
DEBUG:root:Result: Check: panicCheck -> Success
DEBUG:root:Executing:Action: aggressiveSpread
DEBUG:root:Result: Action: aggressiveSpread -> Success
DEBUG:root:Result: Sequence: Panic -> Success
DEBUG:root:Result: Selector: Root -> Success
DEBUG:root:Finish turn

DEBUG:root:Executing:Selector: Root
DEBUG:root:Executing:Sequence: Panic
DEBUG:root:Executing:Check: panicCheck
DEBUG:root:
 panic Check
DEBUG:root:Result: Check: panicCheck -> Success
DEBUG:root:Executing:Action: aggressiveSpread
DEBUG:root:Result: Action: aggressiveSpread -> Success
DEBUG:root:Result: Sequence: Panic -> Success
DEBUG:root:Result: Selector: Root -> Success
DEBUG:root:Finish turn

DEBUG:root:Executing:Selector: Root
DEBUG:root:Executing:Sequence: Panic
DEBUG:root:Executing:Check: panicCheck
DEBUG:root:
 panic Check
DEBUG:root:Result: Check: panicCheck -> Success
DEBUG:root:Executing:Action: aggressiveSpread
DEBUG:root:Order:12 17 27.0
DEBUG:root:Bad order:12 8.0 31.0
DEBUG:root:Bad order:12 8.0 88.0
DEBUG:root:Order:18 5 27.0
DEBUG:root:Bad order:18 7.0 27.0
DEBUG:root:Bad order:18 7.0 42.0
DEBUG:root:Result: Action: aggressiveSpread -> Success
DEBUG:root:Result: Sequence: Panic -> Success
DEBUG:root:Result: Selector: Root -> Success
DEBUG:root:Finish turn

DEBUG:root:Executing:Selector: Root
DEBUG:root:Executing:Sequence: Panic
DEBUG:root:Executing:Check: panicCheck
DEBUG:root:
 panic Check
DEBUG:root:Result: Check: panicCheck -> Success
DEBUG:root:Executing:Action: aggressiveSpread
DEBUG:root:Order:11 17 24.0
DEBUG:root:Bad order:11 12.0 33.0
DEBUG:root:Bad order:11 12.0 27.0
DEBUG:root:Bad order:11 12.0 27.0
DEBUG:root:Bad order:11 12.0 83.0
DEBUG:root:Result: Action: aggressiveSpread -> Success
DEBUG:root:Result: Sequence: Panic -> Success
DEBUG:root:Result: Selector: Root -> Success
DEBUG:root:Finish turn

DEBUG:root:Executing:Selector: Root
DEBUG:root:Executing:Sequence: Panic
DEBUG:root:Executing:Check: panicCheck
DEBUG:root:
 panic Check
DEBUG:root:Result: Check: panicCheck -> Success
DEBUG:root:Executing:Action: aggressiveSpread
DEBUG:root:Result: Action: aggressiveSpread -> Success
DEBUG:root:Result: Sequence: Panic -> Success
DEBUG:root:Result: Selector: Root -> Success
DEBUG:root:Finish turn

DEBUG:root:Executing:Selector: Root
DEBUG:root:Executing:Sequence: Panic
DEBUG:root:Executing:Check: panicCheck
DEBUG:root:
 panic Check
DEBUG:root:Result: Check: panicCheck -> Success
DEBUG:root:Executing:Action: aggressiveSpread
DEBUG:root:Order:1 5 29.0
DEBUG:root:Bad order:1 10.0 127.0
DEBUG:root:Result: Action: aggressiveSpread -> Success
DEBUG:root:Result: Sequence: Panic -> Success
DEBUG:root:Result: Selector: Root -> Success
DEBUG:root:Finish turn

DEBUG:root:Executing:Selector: Root
DEBUG:root:Executing:Sequence: Panic
DEBUG:root:Executing:Check: panicCheck
DEBUG:root:
 panic Check
DEBUG:root:Result: Check: panicCheck -> Success
DEBUG:root:Executing:Action: aggressiveSpread
DEBUG:root:Order:11 5 18.0
DEBUG:root:Bad order:11 9.0 36.0
DEBUG:root:Result: Action: aggressiveSpread -> Success
DEBUG:root:Result: Sequence: Panic -> Success
DEBUG:root:Result: Selector: Root -> Success
DEBUG:root:Finish turn

DEBUG:root:Executing:Selector: Root
DEBUG:root:Executing:Sequence: Panic
DEBUG:root:Executing:Check: panicCheck
DEBUG:root:
 panic Check
DEBUG:root:Result: Check: panicCheck -> Success
DEBUG:root:Executing:Action: aggressiveSpread
DEBUG:root:Order:17 5 23.0
DEBUG:root:Bad order:17 7.0 29.0
DEBUG:root:Bad order:17 7.0 62.0
DEBUG:root:Result: Action: aggressiveSpread -> Success
DEBUG:root:Result: Sequence: Panic -> Success
DEBUG:root:Result: Selector: Root -> Success
DEBUG:root:Finish turn

DEBUG:root:Executing:Selector: Root
DEBUG:root:Executing:Sequence: Panic
DEBUG:root:Executing:Check: panicCheck
DEBUG:root:
 panic Check
DEBUG:root:Result: Check: panicCheck -> Failure
DEBUG:root:Result: Sequence: Panic -> Failure
DEBUG:root:Executing:Sequence: Contested
DEBUG:root:Executing:Check: neutralCheck
DEBUG:root:
 neutral Check
DEBUG:root:Result: Check: neutralCheck -> Success
DEBUG:root:Executing:Action: uniformSafeSpread
DEBUG:root:Order:5 2 2.0
DEBUG:root:Order:5 9 1.1764705882352942
DEBUG:root:Result: Action: uniformSafeSpread -> Success
DEBUG:root:Result: Sequence: Contested -> Success
DEBUG:root:Result: Selector: Root -> Success
DEBUG:root:Finish turn

DEBUG:root:Executing:Selector: Root
DEBUG:root:Executing:Sequence: Panic
DEBUG:root:Executing:Check: panicCheck
DEBUG:root:
 panic Check
DEBUG:root:Result: Check: panicCheck -> Failure
DEBUG:root:Result: Sequence: Panic -> Failure
DEBUG:root:Executing:Sequence: Contested
DEBUG:root:Executing:Check: neutralCheck
DEBUG:root:
 neutral Check
DEBUG:root:Result: Check: neutralCheck -> Success
DEBUG:root:Executing:Action: uniformSafeSpread
DEBUG:root:Order:5 9 1.0457516339869282
DEBUG:root:Order:17 2 3.1111111111111107
DEBUG:root:Order:17 9 1.8300653594771243
DEBUG:root:Result: Action: uniformSafeSpread -> Success
DEBUG:root:Result: Sequence: Contested -> Success
DEBUG:root:Result: Selector: Root -> Success
DEBUG:root:Finish turn

DEBUG:root:Executing:Selector: Root
DEBUG:root:Executing:Sequence: Panic
DEBUG:root:Executing:Check: panicCheck
DEBUG:root:
 panic Check
DEBUG:root:Result: Check: panicCheck -> Failure
DEBUG:root:Result: Sequence: Panic -> Failure
DEBUG:root:Executing:Sequence: Contested
DEBUG:root:Executing:Check: neutralCheck
DEBUG:root:
 neutral Check
DEBUG:root:Result: Check: neutralCheck -> Success
DEBUG:root:Executing:Action: uniformSafeSpread
DEBUG:root:Order:5 9 1.0457516339869282
DEBUG:root:Order:17 2 2.718954248366013
DEBUG:root:Order:17 9 1.6993464052287583
DEBUG:root:Result: Action: uniformSafeSpread -> Success
DEBUG:root:Result: Sequence: Contested -> Success
DEBUG:root:Result: Selector: Root -> Success
DEBUG:root:Finish turn

DEBUG:root:Executing:Selector: Root
DEBUG:root:Executing:Sequence: Panic
DEBUG:root:Executing:Check: panicCheck
DEBUG:root:
 panic Check
DEBUG:root:Result: Check: panicCheck -> Failure
DEBUG:root:Result: Sequence: Panic -> Failure
DEBUG:root:Executing:Sequence: Contested
DEBUG:root:Executing:Check: neutralCheck
DEBUG:root:
 neutral Check
DEBUG:root:Result: Check: neutralCheck -> Success
DEBUG:root:Executing:Action: uniformSafeSpread
DEBUG:root:Order:1 9 0.9803921568627452
DEBUG:root:Order:5 9 1.0457516339869282
DEBUG:root:Order:12 9 0.9803921568627452
DEBUG:root:Result: Action: uniformSafeSpread -> Success
DEBUG:root:Result: Sequence: Contested -> Success
DEBUG:root:Result: Selector: Root -> Success
DEBUG:root:Finish turn

DEBUG:root:Executing:Selector: Root
DEBUG:root:Executing:Sequence: Panic
DEBUG:root:Executing:Check: panicCheck
DEBUG:root:
 panic Check
DEBUG:root:Result: Check: panicCheck -> Failure
DEBUG:root:Result: Sequence: Panic -> Failure
DEBUG:root:Executing:Sequence: Contested
DEBUG:root:Executing:Check: neutralCheck
DEBUG:root:
 neutral Check
DEBUG:root:Result: Check: neutralCheck -> Success
DEBUG:root:Executing:Action: uniformSafeSpread
DEBUG:root:Order:1 2 2.2222222222222223
DEBUG:root:Order:1 9 1.0457516339869282
DEBUG:root:Order:5 9 0.8366013071895425
DEBUG:root:Order:11 9 0.7320261437908497
DEBUG:root:Order:12 2 2.2222222222222223
DEBUG:root:Order:12 9 1.0457516339869282
DEBUG:root:Order:17 2 3.333333333333333
DEBUG:root:Order:17 9 1.5686274509803921
DEBUG:root:Order:18 9 0.6274509803921569
DEBUG:root:Result: Action: uniformSafeSpread -> Success
DEBUG:root:Result: Sequence: Contested -> Success
DEBUG:root:Result: Selector: Root -> Success
DEBUG:root:Finish turn

DEBUG:root:Executing:Selector: Root
DEBUG:root:Executing:Sequence: Panic
DEBUG:root:Executing:Check: panicCheck
DEBUG:root:
 panic Check
DEBUG:root:Result: Check: panicCheck -> Failure
DEBUG:root:Result: Sequence: Panic -> Failure
DEBUG:root:Executing:Sequence: Contested
DEBUG:root:Executing:Check: neutralCheck
DEBUG:root:
 neutral Check
DEBUG:root:Result: Check: neutralCheck -> Success
DEBUG:root:Executing:Action: uniformSafeSpread
DEBUG:root:Order:1 2 2.444444444444444
DEBUG:root:Order:1 9 0.8627450980392157
DEBUG:root:Order:5 9 0.6666666666666666
DEBUG:root:Order:11 2 2.111111111111111
DEBUG:root:Order:11 9 0.7450980392156863
DEBUG:root:Order:12 2 2.444444444444444
DEBUG:root:Order:12 9 0.8627450980392157
DEBUG:root:Order:17 2 3.1111111111111107
DEBUG:root:Order:17 9 1.0980392156862746
DEBUG:root:Order:18 9 0.5490196078431373
DEBUG:root:Result: Action: uniformSafeSpread -> Success
DEBUG:root:Result: Sequence: Contested -> Success
DEBUG:root:Result: Selector: Root -> Success
DEBUG:root:Finish turn

DEBUG:root:Executing:Selector: Root
DEBUG:root:Executing:Sequence: Panic
DEBUG:root:Executing:Check: panicCheck
DEBUG:root:
 panic Check
DEBUG:root:Result: Check: panicCheck -> Failure
DEBUG:root:Result: Sequence: Panic -> Failure
DEBUG:root:Executing:Sequence: Contested
DEBUG:root:Executing:Check: neutralCheck
DEBUG:root:
 neutral Check
DEBUG:root:Result: Check: neutralCheck -> Success
DEBUG:root:Executing:Action: uniformSafeSpread
DEBUG:root:Order:1 2 2.7777777777777777
DEBUG:root:Order:1 9 0.9803921568627451
DEBUG:root:Order:5 2 2.0
DEBUG:root:Order:5 9 0.7058823529411764
DEBUG:root:Order:11 2 2.444444444444444
DEBUG:root:Order:11 9 0.8627450980392157
DEBUG:root:Order:12 2 2.7777777777777777
DEBUG:root:Order:12 9 0.9803921568627451
DEBUG:root:Order:17 2 2.888888888888889
DEBUG:root:Order:17 9 1.0196078431372548
DEBUG:root:Order:18 9 0.6274509803921569
DEBUG:root:Result: Action: uniformSafeSpread -> Success
DEBUG:root:Result: Sequence: Contested -> Success
DEBUG:root:Result: Selector: Root -> Success
DEBUG:root:Finish turn

DEBUG:root:Executing:Selector: Root
DEBUG:root:Executing:Sequence: Panic
DEBUG:root:Executing:Check: panicCheck
DEBUG:root:
 panic Check
DEBUG:root:Result: Check: panicCheck -> Failure
DEBUG:root:Result: Sequence: Panic -> Failure
DEBUG:root:Executing:Sequence: Contested
DEBUG:root:Executing:Check: neutralCheck
DEBUG:root:
 neutral Check
DEBUG:root:Result: Check: neutralCheck -> Success
DEBUG:root:Executing:Action: uniformSafeSpread
DEBUG:root:Order:1 2 3.1111111111111107
DEBUG:root:Order:1 9 0.7320261437908497
DEBUG:root:Order:5 9 0.4444444444444445
DEBUG:root:Order:11 2 2.7777777777777777
DEBUG:root:Order:11 9 0.6535947712418301
DEBUG:root:Order:12 2 3.1111111111111107
DEBUG:root:Order:12 9 0.7320261437908497
DEBUG:root:Order:17 2 2.7777777777777777
DEBUG:root:Order:17 9 0.6535947712418301
DEBUG:root:Order:18 2 2.0
DEBUG:root:Order:18 9 0.47058823529411764
DEBUG:root:Result: Action: uniformSafeSpread -> Success
DEBUG:root:Result: Sequence: Contested -> Success
DEBUG:root:Result: Selector: Root -> Success
DEBUG:root:Finish turn

DEBUG:root:Executing:Selector: Root
DEBUG:root:Executing:Sequence: Panic
DEBUG:root:Executing:Check: panicCheck
DEBUG:root:
 panic Check
DEBUG:root:Result: Check: panicCheck -> Failure
DEBUG:root:Result: Sequence: Panic -> Failure
DEBUG:root:Executing:Sequence: Contested
DEBUG:root:Executing:Check: neutralCheck
DEBUG:root:
 neutral Check
DEBUG:root:Result: Check: neutralCheck -> Success
DEBUG:root:Executing:Action: uniformSafeSpread
DEBUG:root:Order:1 2 3.333333333333333
DEBUG:root:Order:1 9 0.7843137254901961
DEBUG:root:Order:5 2 2.0
DEBUG:root:Order:5 9 0.47058823529411764
DEBUG:root:Order:11 2 3.1111111111111107
DEBUG:root:Order:11 9 0.7320261437908497
DEBUG:root:Order:12 2 3.333333333333333
DEBUG:root:Order:12 9 0.7843137254901961
DEBUG:root:Order:17 2 2.7777777777777777
DEBUG:root:Order:17 9 0.6535947712418301
DEBUG:root:Order:18 2 2.0
DEBUG:root:Order:18 9 0.47058823529411764
DEBUG:root:Result: Action: uniformSafeSpread -> Success
DEBUG:root:Result: Sequence: Contested -> Success
DEBUG:root:Result: Selector: Root -> Success
DEBUG:root:Finish turn

DEBUG:root:Executing:Selector: Root
DEBUG:root:Executing:Sequence: Panic
DEBUG:root:Executing:Check: panicCheck
DEBUG:root:
 panic Check
DEBUG:root:Result: Check: panicCheck -> Failure
DEBUG:root:Result: Sequence: Panic -> Failure
DEBUG:root:Executing:Sequence: Contested
DEBUG:root:Executing:Check: neutralCheck
DEBUG:root:
 neutral Check
DEBUG:root:Result: Check: neutralCheck -> Success
DEBUG:root:Executing:Action: uniformSafeSpread
DEBUG:root:Order:1 2 3.5555555555555554
DEBUG:root:Order:1 9 0.8366013071895425
DEBUG:root:Order:5 2 3.888888888888889
DEBUG:root:Order:5 9 0.9150326797385622
DEBUG:root:Order:11 2 3.333333333333333
DEBUG:root:Order:11 9 0.7843137254901961
DEBUG:root:Order:12 2 3.5555555555555554
DEBUG:root:Order:12 9 0.8366013071895425
DEBUG:root:Order:17 2 2.7777777777777777
DEBUG:root:Order:17 9 0.6535947712418301
DEBUG:root:Order:18 2 2.0
DEBUG:root:Order:18 9 0.47058823529411764
DEBUG:root:Result: Action: uniformSafeSpread -> Success
DEBUG:root:Result: Sequence: Contested -> Success
DEBUG:root:Result: Selector: Root -> Success
DEBUG:root:Finish turn

DEBUG:root:Executing:Selector: Root
DEBUG:root:Executing:Sequence: Panic
DEBUG:root:Executing:Check: panicCheck
DEBUG:root:
 panic Check
DEBUG:root:Result: Check: panicCheck -> Failure
DEBUG:root:Result: Sequence: Panic -> Failure
DEBUG:root:Executing:Sequence: Contested
DEBUG:root:Executing:Check: neutralCheck
DEBUG:root:
 neutral Check
DEBUG:root:Result: Check: neutralCheck -> Success
DEBUG:root:Executing:Action: uniformSafeSpread
DEBUG:root:Order:1 2 3.555555555555556
DEBUG:root:Order:1 9 0.888888888888889
DEBUG:root:Order:5 2 6.2745098039215685
DEBUG:root:Order:5 9 1.5686274509803921
DEBUG:root:Order:11 2 3.34640522875817
DEBUG:root:Order:11 9 0.8366013071895425
DEBUG:root:Order:12 2 3.555555555555556
DEBUG:root:Order:12 9 0.888888888888889
DEBUG:root:Order:17 2 2.6143790849673203
DEBUG:root:Order:17 9 0.6535947712418301
DEBUG:root:Order:18 2 1.8823529411764706
DEBUG:root:Order:18 9 0.47058823529411764
DEBUG:root:Result: Action: uniformSafeSpread -> Success
DEBUG:root:Result: Sequence: Contested -> Success
DEBUG:root:Result: Selector: Root -> Success
DEBUG:root:Finish turn

DEBUG:root:Executing:Selector: Root
DEBUG:root:Executing:Sequence: Panic
DEBUG:root:Executing:Check: panicCheck
DEBUG:root:
 panic Check
DEBUG:root:Result: Check: panicCheck -> Failure
DEBUG:root:Result: Sequence: Panic -> Failure
DEBUG:root:Executing:Sequence: Contested
DEBUG:root:Executing:Check: neutralCheck
DEBUG:root:
 neutral Check
DEBUG:root:Result: Check: neutralCheck -> Success
DEBUG:root:Executing:Action: uniformSafeSpread
DEBUG:root:Order:1 2 4.0
DEBUG:root:Order:1 9 0.9411764705882353
DEBUG:root:Order:5 2 6.0
DEBUG:root:Order:5 9 1.411764705882353
DEBUG:root:Order:11 2 3.7777777777777777
DEBUG:root:Order:11 9 0.888888888888889
DEBUG:root:Order:12 2 4.0
DEBUG:root:Order:12 9 0.9411764705882353
DEBUG:root:Order:17 2 2.7777777777777777
DEBUG:root:Order:17 9 0.6535947712418301
DEBUG:root:Order:18 2 2.111111111111111
DEBUG:root:Order:18 9 0.49673202614379086
DEBUG:root:Result: Action: uniformSafeSpread -> Success
DEBUG:root:Result: Sequence: Contested -> Success
DEBUG:root:Result: Selector: Root -> Success
DEBUG:root:Finish turn

DEBUG:root:Executing:Selector: Root
DEBUG:root:Executing:Sequence: Panic
DEBUG:root:Executing:Check: panicCheck
DEBUG:root:
 panic Check
DEBUG:root:Result: Check: panicCheck -> Failure
DEBUG:root:Result: Sequence: Panic -> Failure
DEBUG:root:Executing:Sequence: Contested
DEBUG:root:Executing:Check: neutralCheck
DEBUG:root:
 neutral Check
DEBUG:root:Result: Check: neutralCheck -> Success
DEBUG:root:Executing:Action: uniformSafeSpread
DEBUG:root:Order:1 2 4.111111111111111
DEBUG:root:Order:1 9 0.9673202614379085
DEBUG:root:Order:5 2 5.333333333333333
DEBUG:root:Order:5 9 1.2549019607843137
DEBUG:root:Order:11 2 4.0
DEBUG:root:Order:11 9 0.9411764705882353
DEBUG:root:Order:12 2 4.111111111111111
DEBUG:root:Order:12 9 0.9673202614379085
DEBUG:root:Order:17 2 2.7777777777777777
DEBUG:root:Order:17 9 0.6535947712418301
DEBUG:root:Order:18 2 2.111111111111111
DEBUG:root:Order:18 9 0.49673202614379086
DEBUG:root:Result: Action: uniformSafeSpread -> Success
DEBUG:root:Result: Sequence: Contested -> Success
DEBUG:root:Result: Selector: Root -> Success
DEBUG:root:Finish turn

DEBUG:root:Executing:Selector: Root
DEBUG:root:Executing:Sequence: Panic
DEBUG:root:Executing:Check: panicCheck
DEBUG:root:
 panic Check
DEBUG:root:Result: Check: panicCheck -> Failure
DEBUG:root:Result: Sequence: Panic -> Failure
DEBUG:root:Executing:Sequence: Contested
DEBUG:root:Executing:Check: neutralCheck
DEBUG:root:
 neutral Check
DEBUG:root:Result: Check: neutralCheck -> Success
DEBUG:root:Executing:Action: uniformSafeSpread
DEBUG:root:Order:1 2 4.222222222222222
DEBUG:root:Order:1 9 0.9934640522875817
DEBUG:root:Order:5 9 0.26143790849673204
DEBUG:root:Order:11 2 4.111111111111111
DEBUG:root:Order:11 9 0.9673202614379085
DEBUG:root:Order:12 2 4.222222222222222
DEBUG:root:Order:12 9 0.9934640522875817
DEBUG:root:Order:17 2 2.7777777777777777
DEBUG:root:Order:17 9 0.6535947712418301
DEBUG:root:Order:18 2 2.111111111111111
DEBUG:root:Order:18 9 0.49673202614379086
DEBUG:root:Result: Action: uniformSafeSpread -> Success
DEBUG:root:Result: Sequence: Contested -> Success
DEBUG:root:Result: Selector: Root -> Success
DEBUG:root:Finish turn

DEBUG:root:Executing:Selector: Root
DEBUG:root:Executing:Sequence: Panic
DEBUG:root:Executing:Check: panicCheck
DEBUG:root:
 panic Check
DEBUG:root:Result: Check: panicCheck -> Failure
DEBUG:root:Result: Sequence: Panic -> Failure
DEBUG:root:Executing:Sequence: Contested
DEBUG:root:Executing:Check: neutralCheck
DEBUG:root:
 neutral Check
DEBUG:root:Result: Check: neutralCheck -> Success
DEBUG:root:Executing:Action: uniformSafeSpread
DEBUG:root:Order:1 6 4.588235294117647
DEBUG:root:Order:1 2 4.301470588235294
DEBUG:root:Order:5 6 4.0
DEBUG:root:Order:5 2 3.75
DEBUG:root:Order:11 6 4.470588235294118
DEBUG:root:Order:11 2 4.1911764705882355
DEBUG:root:Order:12 6 4.588235294117647
DEBUG:root:Order:12 2 4.301470588235294
DEBUG:root:Order:17 6 2.941176470588235
DEBUG:root:Order:17 2 2.7573529411764706
DEBUG:root:Order:18 6 2.235294117647059
DEBUG:root:Order:18 2 2.0955882352941178
DEBUG:root:Result: Action: uniformSafeSpread -> Success
DEBUG:root:Result: Sequence: Contested -> Success
DEBUG:root:Result: Selector: Root -> Success
DEBUG:root:Finish turn

DEBUG:root:Executing:Selector: Root
DEBUG:root:Executing:Sequence: Panic
DEBUG:root:Executing:Check: panicCheck
DEBUG:root:
 panic Check
DEBUG:root:Result: Check: panicCheck -> Failure
DEBUG:root:Result: Sequence: Panic -> Failure
DEBUG:root:Executing:Sequence: Contested
DEBUG:root:Executing:Check: neutralCheck
DEBUG:root:
 neutral Check
DEBUG:root:Result: Check: neutralCheck -> Success
DEBUG:root:Executing:Action: uniformSafeSpread
DEBUG:root:Order:1 6 4.235294117647059
DEBUG:root:Order:1 2 3.9705882352941178
DEBUG:root:Order:5 6 3.2941176470588234
DEBUG:root:Order:5 2 3.0882352941176467
DEBUG:root:Order:11 6 4.117647058823529
DEBUG:root:Order:11 2 3.860294117647059
DEBUG:root:Order:12 6 4.235294117647059
DEBUG:root:Order:12 2 3.9705882352941178
DEBUG:root:Order:17 6 2.7058823529411766
DEBUG:root:Order:17 2 2.536764705882353
DEBUG:root:Order:18 6 2.0
DEBUG:root:Order:18 2 1.875
DEBUG:root:Result: Action: uniformSafeSpread -> Success
DEBUG:root:Result: Sequence: Contested -> Success
DEBUG:root:Result: Selector: Root -> Success
DEBUG:root:Finish turn

DEBUG:root:Executing:Selector: Root
DEBUG:root:Executing:Sequence: Panic
DEBUG:root:Executing:Check: panicCheck
DEBUG:root:
 panic Check
DEBUG:root:Result: Check: panicCheck -> Failure
DEBUG:root:Result: Sequence: Panic -> Failure
DEBUG:root:Executing:Sequence: Contested
DEBUG:root:Executing:Check: neutralCheck
DEBUG:root:
 neutral Check
DEBUG:root:Result: Check: neutralCheck -> Success
DEBUG:root:Executing:Action: uniformSafeSpread
DEBUG:root:Order:1 2 4.0
DEBUG:root:Order:1 6 3.75
DEBUG:root:Order:5 2 2.7058823529411766
DEBUG:root:Order:5 6 2.536764705882353
DEBUG:root:Order:11 2 3.8823529411764706
DEBUG:root:Order:11 6 3.639705882352941
DEBUG:root:Order:12 2 4.0
DEBUG:root:Order:12 6 3.75
DEBUG:root:Order:17 2 2.4705882352941178
DEBUG:root:Order:17 6 2.316176470588235
DEBUG:root:Order:18 6 1.7647058823529411
DEBUG:root:Result: Action: uniformSafeSpread -> Success
DEBUG:root:Result: Sequence: Contested -> Success
DEBUG:root:Result: Selector: Root -> Success
DEBUG:root:Finish turn

DEBUG:root:Executing:Selector: Root
DEBUG:root:Executing:Sequence: Panic
DEBUG:root:Executing:Check: panicCheck
DEBUG:root:
 panic Check
DEBUG:root:Result: Check: panicCheck -> Failure
DEBUG:root:Result: Sequence: Panic -> Failure
DEBUG:root:Executing:Sequence: Contested
DEBUG:root:Executing:Check: neutralCheck
DEBUG:root:
 neutral Check
DEBUG:root:Result: Check: neutralCheck -> Success
DEBUG:root:Executing:Action: uniformSafeSpread
DEBUG:root:Order:1 2 3.764705882352941
DEBUG:root:Order:1 6 3.5294117647058822
DEBUG:root:Order:5 2 2.3529411764705883
DEBUG:root:Order:5 6 2.2058823529411766
DEBUG:root:Order:11 2 3.764705882352941
DEBUG:root:Order:11 6 3.5294117647058822
DEBUG:root:Order:12 2 3.764705882352941
DEBUG:root:Order:12 6 3.5294117647058822
DEBUG:root:Order:17 2 2.235294117647059
DEBUG:root:Order:17 6 2.0955882352941178
DEBUG:root:Order:18 2 2.0
DEBUG:root:Order:18 6 1.875
DEBUG:root:Result: Action: uniformSafeSpread -> Success
DEBUG:root:Result: Sequence: Contested -> Success
DEBUG:root:Result: Selector: Root -> Success
DEBUG:root:Finish turn

DEBUG:root:Executing:Selector: Root
DEBUG:root:Executing:Sequence: Panic
DEBUG:root:Executing:Check: panicCheck
DEBUG:root:
 panic Check
DEBUG:root:Result: Check: panicCheck -> Failure
DEBUG:root:Result: Sequence: Panic -> Failure
DEBUG:root:Executing:Sequence: Contested
DEBUG:root:Executing:Check: neutralCheck
DEBUG:root:
 neutral Check
DEBUG:root:Result: Check: neutralCheck -> Success
DEBUG:root:Executing:Action: uniformSafeSpread
DEBUG:root:Order:1 2 3.6470588235294117
DEBUG:root:Order:1 6 3.4191176470588234
DEBUG:root:Order:5 2 2.0
DEBUG:root:Order:5 6 1.875
DEBUG:root:Order:11 2 3.6470588235294117
DEBUG:root:Order:11 6 3.4191176470588234
DEBUG:root:Order:12 2 3.6470588235294117
DEBUG:root:Order:12 6 3.4191176470588234
DEBUG:root:Order:17 2 2.0
DEBUG:root:Order:17 6 1.875
DEBUG:root:Order:18 6 1.7647058823529411
DEBUG:root:Result: Action: uniformSafeSpread -> Success
DEBUG:root:Result: Sequence: Contested -> Success
DEBUG:root:Result: Selector: Root -> Success
DEBUG:root:Finish turn

DEBUG:root:Executing:Selector: Root
DEBUG:root:Executing:Sequence: Panic
DEBUG:root:Executing:Check: panicCheck
DEBUG:root:
 panic Check
DEBUG:root:Result: Check: panicCheck -> Failure
DEBUG:root:Result: Sequence: Panic -> Failure
DEBUG:root:Executing:Sequence: Contested
DEBUG:root:Executing:Check: neutralCheck
DEBUG:root:
 neutral Check
DEBUG:root:Result: Check: neutralCheck -> Success
DEBUG:root:Executing:Action: uniformSafeSpread
DEBUG:root:Order:1 2 3.5294117647058822
DEBUG:root:Order:1 6 3.3088235294117645
DEBUG:root:Order:11 2 3.5294117647058822
DEBUG:root:Order:11 6 3.3088235294117645
DEBUG:root:Order:12 2 3.5294117647058822
DEBUG:root:Order:12 6 3.3088235294117645
DEBUG:root:Order:17 6 1.7647058823529411
DEBUG:root:Order:18 2 2.0
DEBUG:root:Order:18 6 1.875
DEBUG:root:Result: Action: uniformSafeSpread -> Success
DEBUG:root:Result: Sequence: Contested -> Success
DEBUG:root:Result: Selector: Root -> Success
DEBUG:root:Finish turn

DEBUG:root:Executing:Selector: Root
DEBUG:root:Executing:Sequence: Panic
DEBUG:root:Executing:Check: panicCheck
DEBUG:root:
 panic Check
DEBUG:root:Result: Check: panicCheck -> Failure
DEBUG:root:Result: Sequence: Panic -> Failure
DEBUG:root:Executing:Sequence: Contested
DEBUG:root:Executing:Check: neutralCheck
DEBUG:root:
 neutral Check
DEBUG:root:Result: Check: neutralCheck -> Success
DEBUG:root:Executing:Action: uniformSafeSpread
DEBUG:root:Order:1 6 3.625
DEBUG:root:Order:5 6 5.625
DEBUG:root:Order:9 6 2.0
DEBUG:root:Order:11 6 3.625
DEBUG:root:Order:12 6 3.625
DEBUG:root:Order:17 6 2.125
DEBUG:root:Order:18 6 2.0
DEBUG:root:Result: Action: uniformSafeSpread -> Success
DEBUG:root:Result: Sequence: Contested -> Success
DEBUG:root:Result: Selector: Root -> Success
DEBUG:root:Finish turn

DEBUG:root:Executing:Selector: Root
DEBUG:root:Executing:Sequence: Panic
DEBUG:root:Executing:Check: panicCheck
DEBUG:root:
 panic Check
DEBUG:root:Result: Check: panicCheck -> Failure
DEBUG:root:Result: Sequence: Panic -> Failure
DEBUG:root:Executing:Sequence: Contested
DEBUG:root:Executing:Check: neutralCheck
DEBUG:root:
 neutral Check
DEBUG:root:Result: Check: neutralCheck -> Success
DEBUG:root:Executing:Action: uniformSafeSpread
DEBUG:root:Order:1 0 3.875
DEBUG:root:Order:1 6 3.6166666666666667
DEBUG:root:Order:5 0 5.125
DEBUG:root:Order:5 6 4.783333333333333
DEBUG:root:Order:9 6 1.75
DEBUG:root:Order:11 0 3.875
DEBUG:root:Order:11 6 3.6166666666666667
DEBUG:root:Order:12 0 3.875
DEBUG:root:Order:12 6 3.6166666666666667
DEBUG:root:Order:17 0 2.125
DEBUG:root:Order:17 6 1.9833333333333334
DEBUG:root:Order:18 0 2.0
DEBUG:root:Order:18 6 1.8666666666666667
DEBUG:root:Result: Action: uniformSafeSpread -> Success
DEBUG:root:Result: Sequence: Contested -> Success
DEBUG:root:Result: Selector: Root -> Success
DEBUG:root:Finish turn

DEBUG:root:Executing:Selector: Root
DEBUG:root:Executing:Sequence: Panic
DEBUG:root:Executing:Check: panicCheck
DEBUG:root:
 panic Check
DEBUG:root:Result: Check: panicCheck -> Failure
DEBUG:root:Result: Sequence: Panic -> Failure
DEBUG:root:Executing:Sequence: Contested
DEBUG:root:Executing:Check: neutralCheck
DEBUG:root:
 neutral Check
DEBUG:root:Result: Check: neutralCheck -> Success
DEBUG:root:Executing:Action: uniformSafeSpread
DEBUG:root:Order:1 0 3.75
DEBUG:root:Order:1 6 3.5
DEBUG:root:Order:5 0 4.125
DEBUG:root:Order:5 6 3.85
DEBUG:root:Order:9 6 1.75
DEBUG:root:Order:11 0 3.75
DEBUG:root:Order:11 6 3.5
DEBUG:root:Order:12 0 3.75
DEBUG:root:Order:12 6 3.5
DEBUG:root:Order:17 0 2.0
DEBUG:root:Order:17 6 1.8666666666666667
DEBUG:root:Order:18 6 1.75
DEBUG:root:Result: Action: uniformSafeSpread -> Success
DEBUG:root:Result: Sequence: Contested -> Success
DEBUG:root:Result: Selector: Root -> Success
DEBUG:root:Finish turn

DEBUG:root:Executing:Selector: Root
DEBUG:root:Executing:Sequence: Panic
DEBUG:root:Executing:Check: panicCheck
DEBUG:root:
 panic Check
DEBUG:root:Result: Check: panicCheck -> Failure
DEBUG:root:Result: Sequence: Panic -> Failure
DEBUG:root:Executing:Sequence: Contested
DEBUG:root:Executing:Check: neutralCheck
DEBUG:root:
 neutral Check
DEBUG:root:Result: Check: neutralCheck -> Success
DEBUG:root:Executing:Action: uniformSafeSpread
DEBUG:root:Order:1 0 3.625
DEBUG:root:Order:1 6 3.3833333333333333
DEBUG:root:Order:2 0 4.125
DEBUG:root:Order:2 6 3.85
DEBUG:root:Order:5 0 3.375
DEBUG:root:Order:5 6 3.15
DEBUG:root:Order:9 6 1.75
DEBUG:root:Order:11 0 3.625
DEBUG:root:Order:11 6 3.3833333333333333
DEBUG:root:Order:12 0 3.625
DEBUG:root:Order:12 6 3.3833333333333333
DEBUG:root:Order:17 6 1.75
DEBUG:root:Order:18 0 2.0
DEBUG:root:Order:18 6 1.8666666666666667
DEBUG:root:Result: Action: uniformSafeSpread -> Success
DEBUG:root:Result: Sequence: Contested -> Success
DEBUG:root:Result: Selector: Root -> Success
DEBUG:root:Finish turn

DEBUG:root:Executing:Selector: Root
DEBUG:root:Executing:Sequence: Panic
DEBUG:root:Executing:Check: panicCheck
DEBUG:root:
 panic Check
DEBUG:root:Result: Check: panicCheck -> Failure
DEBUG:root:Result: Sequence: Panic -> Failure
DEBUG:root:Executing:Sequence: Contested
DEBUG:root:Executing:Check: neutralCheck
DEBUG:root:
 neutral Check
DEBUG:root:Result: Check: neutralCheck -> Success
DEBUG:root:Executing:Action: uniformSafeSpread
DEBUG:root:Order:1 0 3.5
DEBUG:root:Order:1 6 3.2666666666666666
DEBUG:root:Order:2 0 5.375
DEBUG:root:Order:2 6 5.016666666666667
DEBUG:root:Order:5 0 2.75
DEBUG:root:Order:5 6 2.566666666666667
DEBUG:root:Order:9 6 1.75
DEBUG:root:Order:11 0 3.5
DEBUG:root:Order:11 6 3.2666666666666666
DEBUG:root:Order:12 0 3.5
DEBUG:root:Order:12 6 3.2666666666666666
DEBUG:root:Order:17 0 2.0
DEBUG:root:Order:17 6 1.8666666666666667
DEBUG:root:Order:18 6 1.75
DEBUG:root:Result: Action: uniformSafeSpread -> Success
DEBUG:root:Result: Sequence: Contested -> Success
DEBUG:root:Result: Selector: Root -> Success
DEBUG:root:Finish turn

DEBUG:root:Executing:Selector: Root
DEBUG:root:Executing:Sequence: Panic
DEBUG:root:Executing:Check: panicCheck
DEBUG:root:
 panic Check
DEBUG:root:Result: Check: panicCheck -> Failure
DEBUG:root:Result: Sequence: Panic -> Failure
DEBUG:root:Executing:Sequence: Contested
DEBUG:root:Executing:Check: neutralCheck
DEBUG:root:
 neutral Check
DEBUG:root:Result: Check: neutralCheck -> Success
DEBUG:root:Executing:Action: uniformSafeSpread
DEBUG:root:Order:1 0 3.375
DEBUG:root:Order:1 6 3.15
DEBUG:root:Order:2 0 6.625
DEBUG:root:Order:2 6 6.183333333333334
DEBUG:root:Order:5 0 2.375
DEBUG:root:Order:5 6 2.216666666666667
DEBUG:root:Order:9 6 1.75
DEBUG:root:Order:11 0 3.375
DEBUG:root:Order:11 6 3.15
DEBUG:root:Order:12 0 3.375
DEBUG:root:Order:12 6 3.15
DEBUG:root:Order:17 6 1.75
DEBUG:root:Order:18 0 2.0
DEBUG:root:Order:18 6 1.8666666666666667
DEBUG:root:Result: Action: uniformSafeSpread -> Success
DEBUG:root:Result: Sequence: Contested -> Success
DEBUG:root:Result: Selector: Root -> Success
DEBUG:root:Finish turn

DEBUG:root:Executing:Selector: Root
DEBUG:root:Executing:Sequence: Panic
DEBUG:root:Executing:Check: panicCheck
DEBUG:root:
 panic Check
DEBUG:root:Result: Check: panicCheck -> Failure
DEBUG:root:Result: Sequence: Panic -> Failure
DEBUG:root:Executing:Sequence: Contested
DEBUG:root:Executing:Check: neutralCheck
DEBUG:root:
 neutral Check
DEBUG:root:Result: Check: neutralCheck -> Success
DEBUG:root:Executing:Action: uniformSafeSpread
DEBUG:root:Order:1 0 3.466666666666667
DEBUG:root:Order:2 0 8.0
DEBUG:root:Order:5 0 2.1333333333333333
DEBUG:root:Order:9 0 2.1333333333333333
DEBUG:root:Order:11 0 3.466666666666667
DEBUG:root:Order:12 0 3.466666666666667
DEBUG:root:Order:17 0 2.1333333333333333
DEBUG:root:Order:18 0 2.0
DEBUG:root:Result: Action: uniformSafeSpread -> Success
DEBUG:root:Result: Sequence: Contested -> Success
DEBUG:root:Result: Selector: Root -> Success
DEBUG:root:Finish turn

DEBUG:root:Executing:Selector: Root
DEBUG:root:Executing:Sequence: Panic
DEBUG:root:Executing:Check: panicCheck
DEBUG:root:
 panic Check
DEBUG:root:Result: Check: panicCheck -> Failure
DEBUG:root:Result: Sequence: Panic -> Failure
DEBUG:root:Executing:Sequence: Contested
DEBUG:root:Executing:Check: neutralCheck
DEBUG:root:
 neutral Check
DEBUG:root:Result: Check: neutralCheck -> Success
DEBUG:root:Executing:Action: uniformSafeSpread
DEBUG:root:Order:1 0 3.7333333333333334
DEBUG:root:Order:2 0 9.2
DEBUG:root:Order:5 0 2.0
DEBUG:root:Order:9 0 2.1333333333333333
DEBUG:root:Order:11 0 3.7333333333333334
DEBUG:root:Order:12 0 3.7333333333333334
DEBUG:root:Order:17 0 2.1333333333333333
DEBUG:root:Order:18 0 2.0
DEBUG:root:Result: Action: uniformSafeSpread -> Success
DEBUG:root:Result: Sequence: Contested -> Success
DEBUG:root:Result: Selector: Root -> Success
DEBUG:root:Finish turn

